09:58:46.857 [main] INFO  com.TestAutomationPractice.testCases.TC_001_AutomationDemoTest - switched from switch to button to alerts successfully
09:58:46.972 [main] INFO  com.TestAutomationPractice.testCases.TC_001_AutomationDemoTest - clicked on alerts link successfully
09:58:47.293 [main] INFO  com.TestAutomationPractice.testCases.TC_001_AutomationDemoTest - clicked on alerts with the text
09:58:47.350 [main] INFO  com.TestAutomationPractice.testCases.TC_001_AutomationDemoTest - handled the alerts all features successfully
09:58:49.905 [main] INFO  com.TestAutomationPractice.testCases.TC_001_AutomationDemoTest - moved to windows successfully
09:58:50.186 [main] INFO  com.TestAutomationPractice.testCases.TC_001_AutomationDemoTest - clicked on Multile dwindows link button
10:03:08.020 [main] INFO  com.TestAutomationPractice.testCases.TC_001_AutomationDemoTest - clicked on register button
10:03:08.254 [main] INFO  com.TestAutomationPractice.testCases.TC_001_AutomationDemoTest - entered the first name
10:03:08.388 [main] INFO  com.TestAutomationPractice.testCases.TC_001_AutomationDemoTest - entered the last name
10:03:08.576 [main] INFO  com.TestAutomationPractice.testCases.TC_001_AutomationDemoTest - Entered the address
10:03:08.692 [main] INFO  com.TestAutomationPractice.testCases.TC_001_AutomationDemoTest - email has enter successfully
10:03:08.778 [main] INFO  com.TestAutomationPractice.testCases.TC_001_AutomationDemoTest - mobile number enter successfully
10:03:08.798 [main] INFO  com.TestAutomationPractice.testCases.TC_001_AutomationDemoTest - got the size of the radio buttons
10:03:08.893 [main] INFO  com.TestAutomationPractice.testCases.TC_001_AutomationDemoTest - clicked on male radio button
10:03:12.037 [main] INFO  com.TestAutomationPractice.testCases.TC_001_AutomationDemoTest - clicked on first and last checkboxes
10:03:13.664 [main] INFO  com.TestAutomationPractice.testCases.TC_001_AutomationDemoTest - clicked on refresh button
10:03:17.109 [main] INFO  com.TestAutomationPractice.testCases.TC_001_AutomationDemoTest - switched from switch to button to alerts successfully
10:03:17.278 [main] INFO  com.TestAutomationPractice.testCases.TC_001_AutomationDemoTest - clicked on alerts link successfully
10:03:17.688 [main] INFO  com.TestAutomationPractice.testCases.TC_001_AutomationDemoTest - clicked on alerts with the text
10:03:17.757 [main] INFO  com.TestAutomationPractice.testCases.TC_001_AutomationDemoTest - handled the alerts all features successfully
10:03:20.657 [main] INFO  com.TestAutomationPractice.testCases.TC_001_AutomationDemoTest - moved to windows successfully
10:03:20.780 [main] INFO  com.TestAutomationPractice.testCases.TC_001_AutomationDemoTest - clicked on Multile dwindows link button
10:04:23.679 [main] INFO  com.TestAutomationPractice.testCases.TC_001_AutomationDemoTest - clicked on register button
10:04:23.858 [main] INFO  com.TestAutomationPractice.testCases.TC_001_AutomationDemoTest - entered the first name
10:04:24.020 [main] INFO  com.TestAutomationPractice.testCases.TC_001_AutomationDemoTest - entered the last name
10:04:24.168 [main] INFO  com.TestAutomationPractice.testCases.TC_001_AutomationDemoTest - Entered the address
10:04:24.298 [main] INFO  com.TestAutomationPractice.testCases.TC_001_AutomationDemoTest - email has enter successfully
10:04:24.395 [main] INFO  com.TestAutomationPractice.testCases.TC_001_AutomationDemoTest - mobile number enter successfully
10:04:24.414 [main] INFO  com.TestAutomationPractice.testCases.TC_001_AutomationDemoTest - got the size of the radio buttons
10:04:24.502 [main] INFO  com.TestAutomationPractice.testCases.TC_001_AutomationDemoTest - clicked on male radio button
10:04:27.668 [main] INFO  com.TestAutomationPractice.testCases.TC_001_AutomationDemoTest - clicked on first and last checkboxes
10:04:30.055 [main] INFO  com.TestAutomationPractice.testCases.TC_001_AutomationDemoTest - clicked on refresh button
10:04:41.676 [main] INFO  com.TestAutomationPractice.testCases.TC_001_AutomationDemoTest - switched from switch to button to alerts successfully
10:04:41.827 [main] INFO  com.TestAutomationPractice.testCases.TC_001_AutomationDemoTest - clicked on alerts link successfully
10:04:41.978 [main] INFO  com.TestAutomationPractice.testCases.TC_001_AutomationDemoTest - clicked on alerts with the text
10:04:42.045 [main] INFO  com.TestAutomationPractice.testCases.TC_001_AutomationDemoTest - handled the alerts all features successfully
10:04:45.140 [main] INFO  com.TestAutomationPractice.testCases.TC_001_AutomationDemoTest - moved to windows successfully
10:04:45.250 [main] INFO  com.TestAutomationPractice.testCases.TC_001_AutomationDemoTest - clicked on Multile dwindows link button
10:07:07.667 [main] INFO  com.TestAutomationPractice.testCases.TC_001_AutomationDemoTest - clicked on register button
10:07:07.947 [main] INFO  com.TestAutomationPractice.testCases.TC_001_AutomationDemoTest - entered the first name
