17:02:36.854 [main] INFO  com.TestAutomationPractice.testCases.TC_001_AutomationDemoTest - successfully clicked on the second link of ifame and entered
17:15:44.535 [main] INFO  com.TestAutomationPractice.testCases.TC_001_AutomationDemoTest - clicked on register button
17:15:44.667 [main] INFO  com.TestAutomationPractice.testCases.TC_001_AutomationDemoTest - entered the first name
17:15:44.775 [main] INFO  com.TestAutomationPractice.testCases.TC_001_AutomationDemoTest - entered the last name
17:15:44.896 [main] INFO  com.TestAutomationPractice.testCases.TC_001_AutomationDemoTest - Entered the address
17:15:45.029 [main] INFO  com.TestAutomationPractice.testCases.TC_001_AutomationDemoTest - email has enter successfully
17:15:45.123 [main] INFO  com.TestAutomationPractice.testCases.TC_001_AutomationDemoTest - mobile number enter successfully
17:15:45.143 [main] INFO  com.TestAutomationPractice.testCases.TC_001_AutomationDemoTest - got the size of the radio buttons
17:15:45.261 [main] INFO  com.TestAutomationPractice.testCases.TC_001_AutomationDemoTest - clicked on male radio button
17:15:48.365 [main] INFO  com.TestAutomationPractice.testCases.TC_001_AutomationDemoTest - clicked on first and last checkboxes
17:15:50.636 [main] INFO  com.TestAutomationPractice.testCases.TC_001_AutomationDemoTest - clicked on refresh button
17:15:53.589 [main] INFO  com.TestAutomationPractice.testCases.TC_001_AutomationDemoTest - switched from switch to button to alerts successfully
17:15:57.574 [main] INFO  com.TestAutomationPractice.testCases.TC_001_AutomationDemoTest - it has moved to iframe and clicked successfully
17:15:57.658 [main] INFO  com.TestAutomationPractice.testCases.TC_001_AutomationDemoTest - successfully clicked on the second link of ifame and entered
17:18:17.013 [main] INFO  com.TestAutomationPractice.testCases.TC_001_AutomationDemoTest - clicked on register button
17:18:17.147 [main] INFO  com.TestAutomationPractice.testCases.TC_001_AutomationDemoTest - entered the first name
17:18:17.262 [main] INFO  com.TestAutomationPractice.testCases.TC_001_AutomationDemoTest - entered the last name
17:18:17.385 [main] INFO  com.TestAutomationPractice.testCases.TC_001_AutomationDemoTest - Entered the address
17:18:17.506 [main] INFO  com.TestAutomationPractice.testCases.TC_001_AutomationDemoTest - email has enter successfully
17:18:17.599 [main] INFO  com.TestAutomationPractice.testCases.TC_001_AutomationDemoTest - mobile number enter successfully
17:18:17.618 [main] INFO  com.TestAutomationPractice.testCases.TC_001_AutomationDemoTest - got the size of the radio buttons
17:18:17.707 [main] INFO  com.TestAutomationPractice.testCases.TC_001_AutomationDemoTest - clicked on male radio button
17:18:20.820 [main] INFO  com.TestAutomationPractice.testCases.TC_001_AutomationDemoTest - clicked on first and last checkboxes
17:18:22.266 [main] INFO  com.TestAutomationPractice.testCases.TC_001_AutomationDemoTest - clicked on refresh button
17:18:26.871 [main] INFO  com.TestAutomationPractice.testCases.TC_001_AutomationDemoTest - switched from switch to button to alerts successfully
17:18:32.724 [main] INFO  com.TestAutomationPractice.testCases.TC_001_AutomationDemoTest - it has moved to iframe and clicked successfully
17:18:32.808 [main] INFO  com.TestAutomationPractice.testCases.TC_001_AutomationDemoTest - successfully clicked on the second link of ifame and entered
17:22:16.539 [main] INFO  com.TestAutomationPractice.testCases.TC_001_AutomationDemoTest - clicked on register button
17:22:16.708 [main] INFO  com.TestAutomationPractice.testCases.TC_001_AutomationDemoTest - entered the first name
17:22:16.809 [main] INFO  com.TestAutomationPractice.testCases.TC_001_AutomationDemoTest - entered the last name
17:22:16.921 [main] INFO  com.TestAutomationPractice.testCases.TC_001_AutomationDemoTest - Entered the address
17:22:17.037 [main] INFO  com.TestAutomationPractice.testCases.TC_001_AutomationDemoTest - email has enter successfully
17:22:17.128 [main] INFO  com.TestAutomationPractice.testCases.TC_001_AutomationDemoTest - mobile number enter successfully
17:22:17.146 [main] INFO  com.TestAutomationPractice.testCases.TC_001_AutomationDemoTest - got the size of the radio buttons
17:22:17.237 [main] INFO  com.TestAutomationPractice.testCases.TC_001_AutomationDemoTest - clicked on male radio button
17:22:20.303 [main] INFO  com.TestAutomationPractice.testCases.TC_001_AutomationDemoTest - clicked on first and last checkboxes
17:22:22.823 [main] INFO  com.TestAutomationPractice.testCases.TC_001_AutomationDemoTest - clicked on refresh button
17:22:28.525 [main] INFO  com.TestAutomationPractice.testCases.TC_001_AutomationDemoTest - switched from switch to button to alerts successfully
17:22:33.939 [main] INFO  com.TestAutomationPractice.testCases.TC_001_AutomationDemoTest - it has moved to iframe and clicked successfully
17:22:34.029 [main] INFO  com.TestAutomationPractice.testCases.TC_001_AutomationDemoTest - successfully clicked on the second link of ifame and entered
